2019-08-28 16:23:56,607 INFO com.restaurant.search.RestaurantSearchServiceApplication [main] Starting RestaurantSearchServiceApplication on A2MD21888 with PID 9712 (C:\Users\M1050760\Downloads\SpringBoot301\restaurant-app\restaurant-app\restaurant-search-service\target\classes started by M1050760 in C:\Users\M1050760\Downloads\SpringBoot301\restaurant-app\restaurant-app\restaurant-search-service)
2019-08-28 16:23:56,609 INFO com.restaurant.search.RestaurantSearchServiceApplication [main] No active profile set, falling back to default profiles: default
2019-08-28 16:23:58,110 INFO org.springframework.data.repository.config.RepositoryConfigurationDelegate [main] Bootstrapping Spring Data repositories in DEFAULT mode.
2019-08-28 16:23:58,213 INFO org.springframework.data.repository.config.RepositoryConfigurationDelegate [main] Finished Spring Data repository scanning in 90ms. Found 1 repository interfaces.
2019-08-28 16:23:58,870 INFO org.springframework.context.support.PostProcessorRegistrationDelegate$BeanPostProcessorChecker [main] Bean 'org.springframework.transaction.annotation.ProxyTransactionManagementConfiguration' of type [org.springframework.transaction.annotation.ProxyTransactionManagementConfiguration$$EnhancerBySpringCGLIB$$6c96c533] is not eligible for getting processed by all BeanPostProcessors (for example: not eligible for auto-proxying)
2019-08-28 16:23:59,447 INFO org.springframework.boot.web.embedded.tomcat.TomcatWebServer [main] Tomcat initialized with port(s): 8080 (http)
2019-08-28 16:23:59,497 INFO org.apache.catalina.core.StandardService [main] Starting service [Tomcat]
2019-08-28 16:23:59,497 INFO org.apache.catalina.core.StandardEngine [main] Starting Servlet engine: [Apache Tomcat/9.0.22]
2019-08-28 16:23:59,695 INFO org.apache.catalina.core.ContainerBase.[Tomcat].[localhost].[/] [main] Initializing Spring embedded WebApplicationContext
2019-08-28 16:23:59,696 INFO org.springframework.web.context.ContextLoader [main] Root WebApplicationContext: initialization completed in 3000 ms
2019-08-28 16:24:00,042 INFO com.zaxxer.hikari.HikariDataSource [main] HikariPool-1 - Starting...
2019-08-28 16:24:06,651 INFO com.zaxxer.hikari.HikariDataSource [main] HikariPool-1 - Start completed.
2019-08-28 16:24:06,720 INFO org.hibernate.jpa.internal.util.LogHelper [main] HHH000204: Processing PersistenceUnitInfo [
	name: default
	...]
2019-08-28 16:24:06,803 INFO org.hibernate.Version [main] HHH000412: Hibernate Core {5.3.10.Final}
2019-08-28 16:24:06,805 INFO org.hibernate.cfg.Environment [main] HHH000206: hibernate.properties not found
2019-08-28 16:24:06,979 INFO org.hibernate.annotations.common.Version [main] HCANN000001: Hibernate Commons Annotations {5.0.4.Final}
2019-08-28 16:24:07,546 INFO org.hibernate.dialect.Dialect [main] HHH000400: Using dialect: org.hibernate.dialect.MySQL8Dialect
2019-08-28 16:24:18,958 INFO org.springframework.orm.jpa.LocalContainerEntityManagerFactoryBean [main] Initialized JPA EntityManagerFactory for persistence unit 'default'
2019-08-28 16:24:20,212 WARN org.springframework.boot.autoconfigure.orm.jpa.JpaBaseConfiguration$JpaWebConfiguration$JpaWebMvcConfiguration [main] spring.jpa.open-in-view is enabled by default. Therefore, database queries may be performed during view rendering. Explicitly configure spring.jpa.open-in-view to disable this warning
2019-08-28 16:24:20,474 INFO springfox.documentation.spring.web.PropertySourcedRequestMappingHandlerMapping [main] Mapped URL path [/v2/api-docs] onto method [public org.springframework.http.ResponseEntity<springfox.documentation.spring.web.json.Json> springfox.documentation.swagger2.web.Swagger2Controller.getDocumentation(java.lang.String,javax.servlet.http.HttpServletRequest)]
2019-08-28 16:24:20,828 INFO org.springframework.scheduling.concurrent.ThreadPoolTaskExecutor [main] Initializing ExecutorService 'applicationTaskExecutor'
2019-08-28 16:24:21,237 INFO springfox.documentation.spring.web.plugins.DocumentationPluginsBootstrapper [main] Context refreshed
2019-08-28 16:24:21,276 INFO springfox.documentation.spring.web.plugins.DocumentationPluginsBootstrapper [main] Found 1 custom documentation plugin(s)
2019-08-28 16:24:21,320 INFO springfox.documentation.spring.web.scanners.ApiListingReferenceScanner [main] Scanning for api listing references
2019-08-28 16:24:21,795 INFO org.springframework.boot.web.embedded.tomcat.TomcatWebServer [main] Tomcat started on port(s): 8080 (http) with context path ''
2019-08-28 16:24:21,797 INFO com.restaurant.search.RestaurantSearchServiceApplication [main] Started RestaurantSearchServiceApplication in 25.688 seconds (JVM running for 26.291)
2019-08-28 16:24:44,796 INFO com.restaurant.search.RestaurantSearchServiceApplication [main] Starting RestaurantSearchServiceApplication on A2MD21888 with PID 5464 (C:\Users\M1050760\Downloads\SpringBoot301\restaurant-app\restaurant-app\restaurant-search-service\target\classes started by M1050760 in C:\Users\M1050760\Downloads\SpringBoot301\restaurant-app\restaurant-app\restaurant-search-service)
2019-08-28 16:24:44,800 INFO com.restaurant.search.RestaurantSearchServiceApplication [main] No active profile set, falling back to default profiles: default
2019-08-28 16:24:46,295 INFO org.springframework.data.repository.config.RepositoryConfigurationDelegate [main] Bootstrapping Spring Data repositories in DEFAULT mode.
2019-08-28 16:24:46,399 INFO org.springframework.data.repository.config.RepositoryConfigurationDelegate [main] Finished Spring Data repository scanning in 91ms. Found 1 repository interfaces.
2019-08-28 16:24:46,903 INFO org.springframework.context.support.PostProcessorRegistrationDelegate$BeanPostProcessorChecker [main] Bean 'org.springframework.transaction.annotation.ProxyTransactionManagementConfiguration' of type [org.springframework.transaction.annotation.ProxyTransactionManagementConfiguration$$EnhancerBySpringCGLIB$$7f23abeb] is not eligible for getting processed by all BeanPostProcessors (for example: not eligible for auto-proxying)
2019-08-28 16:24:47,515 INFO org.springframework.boot.web.embedded.tomcat.TomcatWebServer [main] Tomcat initialized with port(s): 8080 (http)
2019-08-28 16:24:47,553 INFO org.apache.catalina.core.StandardService [main] Starting service [Tomcat]
2019-08-28 16:24:47,553 INFO org.apache.catalina.core.StandardEngine [main] Starting Servlet engine: [Apache Tomcat/9.0.22]
2019-08-28 16:24:47,743 INFO org.apache.catalina.core.ContainerBase.[Tomcat].[localhost].[/] [main] Initializing Spring embedded WebApplicationContext
2019-08-28 16:24:47,744 INFO org.springframework.web.context.ContextLoader [main] Root WebApplicationContext: initialization completed in 2859 ms
2019-08-28 16:24:48,064 INFO com.zaxxer.hikari.HikariDataSource [main] HikariPool-1 - Starting...
2019-08-28 16:24:54,525 INFO com.zaxxer.hikari.HikariDataSource [main] HikariPool-1 - Start completed.
2019-08-28 16:24:54,599 INFO org.hibernate.jpa.internal.util.LogHelper [main] HHH000204: Processing PersistenceUnitInfo [
	name: default
	...]
2019-08-28 16:24:54,683 INFO org.hibernate.Version [main] HHH000412: Hibernate Core {5.3.10.Final}
2019-08-28 16:24:54,684 INFO org.hibernate.cfg.Environment [main] HHH000206: hibernate.properties not found
2019-08-28 16:24:54,861 INFO org.hibernate.annotations.common.Version [main] HCANN000001: Hibernate Commons Annotations {5.0.4.Final}
2019-08-28 16:24:55,505 INFO org.hibernate.dialect.Dialect [main] HHH000400: Using dialect: org.hibernate.dialect.MySQL8Dialect
2019-08-28 16:25:12,130 INFO org.springframework.orm.jpa.LocalContainerEntityManagerFactoryBean [main] Initialized JPA EntityManagerFactory for persistence unit 'default'
2019-08-28 16:25:13,079 WARN org.springframework.boot.autoconfigure.orm.jpa.JpaBaseConfiguration$JpaWebConfiguration$JpaWebMvcConfiguration [main] spring.jpa.open-in-view is enabled by default. Therefore, database queries may be performed during view rendering. Explicitly configure spring.jpa.open-in-view to disable this warning
2019-08-28 16:25:13,277 INFO springfox.documentation.spring.web.PropertySourcedRequestMappingHandlerMapping [main] Mapped URL path [/v2/api-docs] onto method [public org.springframework.http.ResponseEntity<springfox.documentation.spring.web.json.Json> springfox.documentation.swagger2.web.Swagger2Controller.getDocumentation(java.lang.String,javax.servlet.http.HttpServletRequest)]
2019-08-28 16:25:13,507 INFO org.springframework.scheduling.concurrent.ThreadPoolTaskExecutor [main] Initializing ExecutorService 'applicationTaskExecutor'
2019-08-28 16:25:13,806 INFO springfox.documentation.spring.web.plugins.DocumentationPluginsBootstrapper [main] Context refreshed
2019-08-28 16:25:13,838 INFO springfox.documentation.spring.web.plugins.DocumentationPluginsBootstrapper [main] Found 1 custom documentation plugin(s)
2019-08-28 16:25:13,881 INFO springfox.documentation.spring.web.scanners.ApiListingReferenceScanner [main] Scanning for api listing references
2019-08-28 16:25:14,145 INFO org.springframework.boot.web.embedded.tomcat.TomcatWebServer [main] Tomcat started on port(s): 8080 (http) with context path ''
2019-08-28 16:25:14,147 INFO com.restaurant.search.RestaurantSearchServiceApplication [main] Started RestaurantSearchServiceApplication in 29.919 seconds (JVM running for 30.517)
2019-08-28 16:25:23,238 INFO org.apache.catalina.core.ContainerBase.[Tomcat].[localhost].[/] [http-nio-8080-exec-1] Initializing Spring DispatcherServlet 'dispatcherServlet'
2019-08-28 16:25:23,238 INFO org.springframework.web.servlet.DispatcherServlet [http-nio-8080-exec-1] Initializing Servlet 'dispatcherServlet'
2019-08-28 16:25:23,254 INFO org.springframework.web.servlet.DispatcherServlet [http-nio-8080-exec-1] Completed initialization in 15 ms
2019-08-28 16:25:23,309 INFO com.restaurant.search.controller.SearchController [http-nio-8080-exec-1] Search Successful
2019-08-28 16:25:23,393 INFO org.hibernate.hql.internal.QueryTranslatorFactoryInitiator [http-nio-8080-exec-1] HHH000397: Using ASTQueryTranslatorFactory
2019-08-28 16:25:24,969 INFO com.restaurant.search.service.impl.SearchServiceImpl [http-nio-8080-exec-1] Restaurants searched [com.restaurant.search.entity.Restaurant@7f363682, com.restaurant.search.entity.Restaurant@16a6aa39, com.restaurant.search.entity.Restaurant@1d8e1c21, com.restaurant.search.entity.Restaurant@54875dc8]
2019-08-28 16:25:27,161 INFO com.restaurant.search.controller.SearchController [http-nio-8080-exec-2] Search Successful
