2019-08-28 17:03:02,849 INFO com.restaurant.order.management.OrderManagementServiceApplication [main] Starting OrderManagementServiceApplication on A2MD21888 with PID 15800 (C:\Users\M1050760\Downloads\SpringBoot301\restaurant-app\restaurant-app\order-management-service\target\classes started by M1050760 in C:\Users\M1050760\Downloads\SpringBoot301\restaurant-app\restaurant-app\order-management-service)
2019-08-28 17:03:02,849 INFO com.restaurant.order.management.OrderManagementServiceApplication [main] No active profile set, falling back to default profiles: default
2019-08-28 17:03:04,140 INFO org.springframework.data.repository.config.RepositoryConfigurationDelegate [main] Bootstrapping Spring Data repositories in DEFAULT mode.
2019-08-28 17:03:04,224 INFO org.springframework.data.repository.config.RepositoryConfigurationDelegate [main] Finished Spring Data repository scanning in 78ms. Found 1 repository interfaces.
2019-08-28 17:03:04,736 INFO org.springframework.context.support.PostProcessorRegistrationDelegate$BeanPostProcessorChecker [main] Bean 'org.springframework.transaction.annotation.ProxyTransactionManagementConfiguration' of type [org.springframework.transaction.annotation.ProxyTransactionManagementConfiguration$$EnhancerBySpringCGLIB$$715d155b] is not eligible for getting processed by all BeanPostProcessors (for example: not eligible for auto-proxying)
2019-08-28 17:03:05,281 INFO org.springframework.boot.web.embedded.tomcat.TomcatWebServer [main] Tomcat initialized with port(s): 8081 (http)
2019-08-28 17:03:05,307 INFO org.apache.catalina.core.StandardService [main] Starting service [Tomcat]
2019-08-28 17:03:05,322 INFO org.apache.catalina.core.StandardEngine [main] Starting Servlet engine: [Apache Tomcat/9.0.22]
2019-08-28 17:03:05,479 INFO org.apache.catalina.core.ContainerBase.[Tomcat].[localhost].[/] [main] Initializing Spring embedded WebApplicationContext
2019-08-28 17:03:05,479 INFO org.springframework.web.context.ContextLoader [main] Root WebApplicationContext: initialization completed in 2551 ms
2019-08-28 17:03:05,764 INFO com.zaxxer.hikari.HikariDataSource [main] HikariPool-1 - Starting...
2019-08-28 17:03:11,781 INFO com.zaxxer.hikari.HikariDataSource [main] HikariPool-1 - Start completed.
2019-08-28 17:03:11,859 INFO org.hibernate.jpa.internal.util.LogHelper [main] HHH000204: Processing PersistenceUnitInfo [
	name: default
	...]
2019-08-28 17:03:11,937 INFO org.hibernate.Version [main] HHH000412: Hibernate Core {5.3.10.Final}
2019-08-28 17:03:11,937 INFO org.hibernate.cfg.Environment [main] HHH000206: hibernate.properties not found
2019-08-28 17:03:12,116 INFO org.hibernate.annotations.common.Version [main] HCANN000001: Hibernate Commons Annotations {5.0.4.Final}
2019-08-28 17:03:12,585 INFO org.hibernate.dialect.Dialect [main] HHH000400: Using dialect: org.hibernate.dialect.MySQL8Dialect
2019-08-28 17:03:22,267 INFO org.springframework.orm.jpa.LocalContainerEntityManagerFactoryBean [main] Initialized JPA EntityManagerFactory for persistence unit 'default'
2019-08-28 17:03:23,172 WARN org.springframework.boot.autoconfigure.orm.jpa.JpaBaseConfiguration$JpaWebConfiguration$JpaWebMvcConfiguration [main] spring.jpa.open-in-view is enabled by default. Therefore, database queries may be performed during view rendering. Explicitly configure spring.jpa.open-in-view to disable this warning
2019-08-28 17:03:23,359 INFO springfox.documentation.spring.web.PropertySourcedRequestMappingHandlerMapping [main] Mapped URL path [/v2/api-docs] onto method [public org.springframework.http.ResponseEntity<springfox.documentation.spring.web.json.Json> springfox.documentation.swagger2.web.Swagger2Controller.getDocumentation(java.lang.String,javax.servlet.http.HttpServletRequest)]
2019-08-28 17:03:23,530 INFO org.springframework.scheduling.concurrent.ThreadPoolTaskExecutor [main] Initializing ExecutorService 'applicationTaskExecutor'
2019-08-28 17:03:23,798 INFO springfox.documentation.spring.web.plugins.DocumentationPluginsBootstrapper [main] Context refreshed
2019-08-28 17:03:23,829 INFO springfox.documentation.spring.web.plugins.DocumentationPluginsBootstrapper [main] Found 1 custom documentation plugin(s)
2019-08-28 17:03:23,861 INFO springfox.documentation.spring.web.scanners.ApiListingReferenceScanner [main] Scanning for api listing references
2019-08-28 17:03:24,116 INFO org.springframework.boot.web.embedded.tomcat.TomcatWebServer [main] Tomcat started on port(s): 8081 (http) with context path ''
2019-08-28 17:03:24,118 INFO com.restaurant.order.management.OrderManagementServiceApplication [main] Started OrderManagementServiceApplication in 21.74 seconds (JVM running for 22.465)
2019-08-28 17:03:32,253 INFO org.apache.catalina.core.ContainerBase.[Tomcat].[localhost].[/] [http-nio-8081-exec-1] Initializing Spring DispatcherServlet 'dispatcherServlet'
2019-08-28 17:03:32,253 INFO org.springframework.web.servlet.DispatcherServlet [http-nio-8081-exec-1] Initializing Servlet 'dispatcherServlet'
2019-08-28 17:03:32,271 INFO org.springframework.web.servlet.DispatcherServlet [http-nio-8081-exec-1] Completed initialization in 18 ms
2019-08-28 17:04:02,649 INFO com.restaurant.order.management.controller.OrdersController [http-nio-8081-exec-10] Order Viewed
2019-08-28 17:04:02,694 INFO org.hibernate.hql.internal.QueryTranslatorFactoryInitiator [http-nio-8081-exec-10] HHH000397: Using ASTQueryTranslatorFactory
2019-08-28 17:04:03,578 INFO com.restaurant.order.management.controller.OrdersController [http-nio-8081-exec-10] Order Viewed Successfully
2019-08-28 17:04:27,826 INFO com.restaurant.order.management.controller.OrdersController [http-nio-8081-exec-3] Order Viewed
2019-08-28 17:04:28,509 INFO com.restaurant.order.management.controller.OrdersController [http-nio-8081-exec-3] Order Viewed Successfully
